<?xml version="1.0" encoding="UTF-8"?>
<testsuite name="dev.mdk2.client.config.ConfigManagerTest" tests="4" skipped="0" failures="0" errors="0" timestamp="2026-03-28T20:28:00" hostname="LEGION" time="0.025">
  <properties/>
  <testcase name="createNextNameSkipsExistingIndices" classname="dev.mdk2.client.config.ConfigManagerTest" time="0.018"/>
  <testcase name="saveAndLoadRoundTripsModuleStateAndSettings" classname="dev.mdk2.client.config.ConfigManagerTest" time="0.003"/>
  <testcase name="sanitizeNameFallsBackForBlankInput" classname="dev.mdk2.client.config.ConfigManagerTest" time="0.001"/>
  <testcase name="listConfigNamesReturnsSortedFileNamesWithoutExtensions" classname="dev.mdk2.client.config.ConfigManagerTest" time="0.003"/>
  <system-out><![CDATA[]]></system-out>
  <system-err><![CDATA[]]></system-err>
</testsuite>
