<?xml version="1.0" encoding="UTF-8"?>
<testsuite name="dev.mdk2.client.gui.MenuDebugProfileTest" tests="3" skipped="0" failures="0" errors="0" timestamp="2026-03-28T16:35:25" hostname="LEGION" time="0.011">
  <properties/>
  <testcase name="saveAndLoadRoundTripsEditedValues" classname="dev.mdk2.client.gui.MenuDebugProfileTest" time="0.009"/>
  <testcase name="resetRestoresDefaultTypographyValues" classname="dev.mdk2.client.gui.MenuDebugProfileTest" time="0.001"/>
  <testcase name="exportBlockContainsReadableJavaAssignments" classname="dev.mdk2.client.gui.MenuDebugProfileTest" time="0.001"/>
  <system-out><![CDATA[]]></system-out>
  <system-err><![CDATA[]]></system-err>
</testsuite>
