<?xml version="1.0" encoding="UTF-8"?>
<testsuite name="dev.mdk2.client.gui.FunctionPopupLayoutTest" tests="3" skipped="0" failures="0" errors="0" timestamp="2026-03-28T21:24:09" hostname="LEGION" time="0.001">
  <properties/>
  <testcase name="elevenSettingsOrFewerStaySingleColumn" classname="dev.mdk2.client.gui.FunctionPopupLayoutTest" time="0.0"/>
  <testcase name="oddCountsBiasLeftColumnByOne" classname="dev.mdk2.client.gui.FunctionPopupLayoutTest" time="0.001"/>
  <testcase name="moreThanElevenSettingsSwitchToTwoColumns" classname="dev.mdk2.client.gui.FunctionPopupLayoutTest" time="0.0"/>
  <system-out><![CDATA[]]></system-out>
  <system-err><![CDATA[]]></system-err>
</testsuite>
