<?xml version="1.0" encoding="UTF-8"?>
<testsuite name="dev.mdk2.client.config.ConfigManagerTest" tests="6" skipped="0" failures="0" errors="0" timestamp="2026-03-28T21:28:41" hostname="LEGION" time="0.038">
  <properties/>
  <testcase name="createNextNameSkipsExistingIndices" classname="dev.mdk2.client.config.ConfigManagerTest" time="0.023"/>
  <testcase name="saveAndLoadRoundTripsMenuProfileState" classname="dev.mdk2.client.config.ConfigManagerTest" time="0.004"/>
  <testcase name="deleteRemovesConfigAndFallsBackToRemainingEntry" classname="dev.mdk2.client.config.ConfigManagerTest" time="0.003"/>
  <testcase name="saveAndLoadRoundTripsModuleStateAndSettings" classname="dev.mdk2.client.config.ConfigManagerTest" time="0.002"/>
  <testcase name="sanitizeNameFallsBackForBlankInput" classname="dev.mdk2.client.config.ConfigManagerTest" time="0.001"/>
  <testcase name="listConfigNamesReturnsSortedFileNamesWithoutExtensions" classname="dev.mdk2.client.config.ConfigManagerTest" time="0.003"/>
  <system-out><![CDATA[]]></system-out>
  <system-err><![CDATA[]]></system-err>
</testsuite>
