<?xml version="1.0" encoding="UTF-8"?>
<testsuite name="dev.mdk2.client.gui.MenuDebugProfileTest" tests="4" skipped="0" failures="0" errors="0" timestamp="2026-03-28T21:28:41" hostname="LEGION" time="0.009">
  <properties/>
  <testcase name="saveAndLoadRoundTripsEditedValues" classname="dev.mdk2.client.gui.MenuDebugProfileTest" time="0.006"/>
  <testcase name="resetRestoresDefaultTypographyValues" classname="dev.mdk2.client.gui.MenuDebugProfileTest" time="0.0"/>
  <testcase name="resetRestoresTunedMenuLayoutDefaults" classname="dev.mdk2.client.gui.MenuDebugProfileTest" time="0.001"/>
  <testcase name="exportBlockContainsReadableJavaAssignments" classname="dev.mdk2.client.gui.MenuDebugProfileTest" time="0.002"/>
  <system-out><![CDATA[]]></system-out>
  <system-err><![CDATA[]]></system-err>
</testsuite>
