<?xml version="1.0" encoding="UTF-8"?>
<testsuite name="dev.mdk2.client.gui.MenuLayoutMathTest" tests="3" skipped="0" failures="0" errors="0" timestamp="2026-03-28T19:18:43" hostname="LEGION" time="0.001">
  <properties/>
  <testcase name="visualModelColorSwatchSitsJustLeftOfSelector" classname="dev.mdk2.client.gui.MenuLayoutMathTest" time="0.0"/>
  <testcase name="miscRowCountKeepsOnlyDiscordRpcInGeneralPanel" classname="dev.mdk2.client.gui.MenuLayoutMathTest" time="0.0"/>
  <testcase name="standardSelectorXAlignsDropdownToPanelRightEdge" classname="dev.mdk2.client.gui.MenuLayoutMathTest" time="0.0"/>
  <system-out><![CDATA[]]></system-out>
  <system-err><![CDATA[]]></system-err>
</testsuite>
